# JRE version: OpenJDK Runtime Environment (8.0_152-b01) (build 1.8.0_152-release-915-b01)
# Java VM: OpenJDK 64-Bit Server VM (25.152-b01 mixed mode windows-amd64 compressed oops)
Heap:
 PSYoungGen      total 232448K, used 140463K [0x00000000e0000000, 0x00000000f3a00000, 0x0000000100000000)
  eden space 212992K, 56% used [0x00000000e0000000,0x00000000e7655cb8,0x00000000ed000000)
  from space 19456K, 99% used [0x00000000ed900000,0x00000000eebd5fe0,0x00000000eec00000)
  to   space 54272K, 0% used [0x00000000f0500000,0x00000000f0500000,0x00000000f3a00000)
 ParOldGen       total 176128K, used 134358K [0x00000000a0000000, 0x00000000aac00000, 0x00000000e0000000)
  object space 176128K, 76% used [0x00000000a0000000,0x00000000a8335b38,0x00000000aac00000)
 Metaspace       used 84583K, capacity 91331K, committed 91608K, reserved 1128448K
  class space    used 10721K, capacity 12265K, committed 12288K, reserved 1048576K
GC Heap History (10 events):
Event: 13194.997 GC heap before
{Heap before GC invocations=44 (full 5):
 PSYoungGen      total 310784K, used 293603K [0x00000000e0000000, 0x00000000f7a00000, 0x0000000100000000)
  eden space 264192K, 99% used [0x00000000e0000000,0x00000000f01f4938,0x00000000f0200000)
  from space 46592K, 63% used [0x00000000f4c80000,0x00000000f6944318,0x00000000f7a00000)
  to   space 61440K, 0% used [0x00000000f0200000,0x00000000f0200000,0x00000000f3e00000)
 ParOldGen       total 176128K, used 119649K [0x00000000a0000000, 0x00000000aac00000, 0x00000000e0000000)
  object space 176128K, 67% used [0x00000000a0000000,0x00000000a74d8620,0x00000000aac00000)
 Metaspace       used 83548K, capacity 89657K, committed 89816K, reserved 1126400K
  class space    used 10615K, capacity 11996K, committed 12032K, reserved 1048576K
Event: 13195.247 GC heap after
Heap after GC invocations=44 (full 5):
 PSYoungGen      total 288256K, used 34861K [0x00000000e0000000, 0x00000000f6c00000, 0x0000000100000000)
  eden space 252928K, 0% used [0x00000000e0000000,0x00000000e0000000,0x00000000ef700000)
  from space 35328K, 98% used [0x00000000f0200000,0x00000000f240b6b0,0x00000000f2480000)
  to   space 59904K, 0% used [0x00000000f3180000,0x00000000f3180000,0x00000000f6c00000)
 ParOldGen       total 176128K, used 120313K [0x00000000a0000000, 0x00000000aac00000, 0x00000000e0000000)
  object space 176128K, 68% used [0x00000000a0000000,0x00000000a757e6e0,0x00000000aac00000)
 Metaspace       used 83548K, capacity 89657K, committed 89816K, reserved 1126400K
  class space    used 10615K, capacity 11996K, committed 12032K, reserved 1048576K
}
Event: 13459.767 GC heap before
{Heap before GC invocations=45 (full 5):
 PSYoungGen      total 288256K, used 287789K [0x00000000e0000000, 0x00000000f6c00000, 0x0000000100000000)
  eden space 252928K, 100% used [0x00000000e0000000,0x00000000ef700000,0x00000000ef700000)
  from space 35328K, 98% used [0x00000000f0200000,0x00000000f240b6b0,0x00000000f2480000)
  to   space 59904K, 0% used [0x00000000f3180000,0x00000000f3180000,0x00000000f6c00000)
 ParOldGen       total 176128K, used 120313K [0x00000000a0000000, 0x00000000aac00000, 0x00000000e0000000)
  object space 176128K, 68% used [0x00000000a0000000,0x00000000a757e6e0,0x00000000aac00000)
 Metaspace       used 83858K, capacity 90007K, committed 90200K, reserved 1128448K
  class space    used 10631K, capacity 12043K, committed 12160K, reserved 1048576K
Event: 13460.080 GC heap after
Heap after GC invocations=45 (full 5):
 PSYoungGen      total 287232K, used 34139K [0x00000000e0000000, 0x00000000f5d80000, 0x0000000100000000)
  eden space 242176K, 0% used [0x00000000e0000000,0x00000000e0000000,0x00000000eec80000)
  from space 45056K, 75% used [0x00000000f3180000,0x00000000f52d6cb0,0x00000000f5d80000)
  to   space 57856K, 0% used [0x00000000eec80000,0x00000000eec80000,0x00000000f2500000)
 ParOldGen       total 176128K, used 120465K [0x00000000a0000000, 0x00000000aac00000, 0x00000000e0000000)
  object space 176128K, 68% used [0x00000000a0000000,0x00000000a75a4700,0x00000000aac00000)
 Metaspace       used 83858K, capacity 90007K, committed 90200K, reserved 1128448K
  class space    used 10631K, capacity 12043K, committed 12160K, reserved 1048576K
}
Event: 13915.745 GC heap before
{Heap before GC invocations=46 (full 5):
 PSYoungGen      total 287232K, used 276315K [0x00000000e0000000, 0x00000000f5d80000, 0x0000000100000000)
  eden space 242176K, 100% used [0x00000000e0000000,0x00000000eec80000,0x00000000eec80000)
  from space 45056K, 75% used [0x00000000f3180000,0x00000000f52d6cb0,0x00000000f5d80000)
  to   space 57856K, 0% used [0x00000000eec80000,0x00000000eec80000,0x00000000f2500000)
 ParOldGen       total 176128K, used 120465K [0x00000000a0000000, 0x00000000aac00000, 0x00000000e0000000)
  object space 176128K, 68% used [0x00000000a0000000,0x00000000a75a4700,0x00000000aac00000)
 Metaspace       used 84052K, capacity 90261K, committed 90456K, reserved 1128448K
  class space    used 10650K, capacity 12096K, committed 12160K, reserved 1048576K
Event: 13916.092 GC heap after
Heap after GC invocations=46 (full 5):
 PSYoungGen      total 266752K, used 34419K [0x00000000e0000000, 0x00000000f5080000, 0x0000000100000000)
  eden space 231936K, 0% used [0x00000000e0000000,0x00000000e0000000,0x00000000ee280000)
  from space 34816K, 98% used [0x00000000eec80000,0x00000000f0e1cfa0,0x00000000f0e80000)
  to   space 56320K, 0% used [0x00000000f1980000,0x00000000f1980000,0x00000000f5080000)
 ParOldGen       total 176128K, used 120481K [0x00000000a0000000, 0x00000000aac00000, 0x00000000e0000000)
  object space 176128K, 68% used [0x00000000a0000000,0x00000000a75a8700,0x00000000aac00000)
 Metaspace       used 84052K, capacity 90261K, committed 90456K, reserved 1128448K
  class space    used 10650K, capacity 12096K, committed 12160K, reserved 1048576K
}
Event: 14038.644 GC heap before
{Heap before GC invocations=47 (full 5):
 PSYoungGen      total 266752K, used 266355K [0x00000000e0000000, 0x00000000f5080000, 0x0000000100000000)
  eden space 231936K, 100% used [0x00000000e0000000,0x00000000ee280000,0x00000000ee280000)
  from space 34816K, 98% used [0x00000000eec80000,0x00000000f0e1cfa0,0x00000000f0e80000)
  to   space 56320K, 0% used [0x00000000f1980000,0x00000000f1980000,0x00000000f5080000)
 ParOldGen       total 176128K, used 120481K [0x00000000a0000000, 0x00000000aac00000, 0x00000000e0000000)
  object space 176128K, 68% used [0x00000000a0000000,0x00000000a75a8700,0x00000000aac00000)
 Metaspace       used 84325K, capacity 90781K, committed 90968K, reserved 1128448K
  class space    used 10674K, capacity 12160K, committed 12160K, reserved 1048576K
Event: 14038.930 GC heap after
Heap after GC invocations=47 (full 5):
 PSYoungGen      total 263680K, used 31595K [0x00000000e0000000, 0x00000000f4200000, 0x0000000100000000)
  eden space 222208K, 0% used [0x00000000e0000000,0x00000000e0000000,0x00000000ed900000)
  from space 41472K, 76% used [0x00000000f1980000,0x00000000f385ad78,0x00000000f4200000)
  to   space 53760K, 0% used [0x00000000ed900000,0x00000000ed900000,0x00000000f0d80000)
 ParOldGen       total 176128K, used 122619K [0x00000000a0000000, 0x00000000aac00000, 0x00000000e0000000)
  object space 176128K, 69% used [0x00000000a0000000,0x00000000a77bed58,0x00000000aac00000)
 Metaspace       used 84325K, capacity 90781K, committed 90968K, reserved 1128448K
  class space    used 10674K, capacity 12160K, committed 12160K, reserved 1048576K
}
Event: 14432.021 GC heap before
{Heap before GC invocations=48 (full 5):
 PSYoungGen      total 263680K, used 253803K [0x00000000e0000000, 0x00000000f4200000, 0x0000000100000000)
  eden space 222208K, 100% used [0x00000000e0000000,0x00000000ed900000,0x00000000ed900000)
  from space 41472K, 76% used [0x00000000f1980000,0x00000000f385ad78,0x00000000f4200000)
  to   space 53760K, 0% used [0x00000000ed900000,0x00000000ed900000,0x00000000f0d80000)
 ParOldGen       total 176128K, used 122619K [0x00000000a0000000, 0x00000000aac00000, 0x00000000e0000000)
  object space 176128K, 69% used [0x00000000a0000000,0x00000000a77bed58,0x00000000aac00000)
 Metaspace       used 84534K, capacity 91319K, committed 91352K, reserved 1128448K
  class space    used 10719K, capacity 12261K, committed 12288K, reserved 1048576K
Event: 14432.374 GC heap after
Heap after GC invocations=48 (full 5):
 PSYoungGen      total 232448K, used 19287K [0x00000000e0000000, 0x00000000f3a00000, 0x0000000100000000)
  eden space 212992K, 0% used [0x00000000e0000000,0x00000000e0000000,0x00000000ed000000)
  from space 19456K, 99% used [0x00000000ed900000,0x00000000eebd5fe0,0x00000000eec00000)
  to   space 54272K, 0% used [0x00000000f0500000,0x00000000f0500000,0x00000000f3a00000)
 ParOldGen       total 176128K, used 134358K [0x00000000a0000000, 0x00000000aac00000, 0x00000000e0000000)
  object space 176128K, 76% used [0x00000000a0000000,0x00000000a8335b38,0x00000000aac00000)
 Metaspace       used 84534K, capacity 91319K, committed 91352K, reserved 1128448K
  class space    used 10719K, capacity 12261K, committed 12288K, reserved 1048576K
}

